2023-11-18 18:58:01,454 : WARN  : comm-pool-thread-2 :  : Node : CSV Reader : 3:1 : Please specify a file
2023-11-18 19:00:40,899 : ERROR : comm-pool-thread-3 :  : InitialDataService :  :  : {"internalError":{"typeName":"com.fasterxml.jackson.databind.JsonMappingException","message":"(was java.util.ConcurrentModificationException) (through reference chain: org.knime.core.webui.node.view.table.data.TableViewInitialDataImpl[\"dataTypes\"])","stackTrace":["com.fasterxml.jackson.databind.JsonMappingException.wrapWithPath(JsonMappingException.java:392)","com.fasterxml.jackson.databind.JsonMappingException.wrapWithPath(JsonMappingException.java:351)","com.fasterxml.jackson.databind.ser.std.StdSerializer.wrapAndThrow(StdSerializer.java:316)","com.fasterxml.jackson.databind.ser.std.BeanSerializerBase.serializeFields(BeanSerializerBase.java:782)","com.fasterxml.jackson.databind.ser.BeanSerializer.serialize(BeanSerializer.java:178)","com.fasterxml.jackson.databind.ser.DefaultSerializerProvider._serialize(DefaultSerializerProvider.java:480)","com.fasterxml.jackson.databind.ser.DefaultSerializerProvider.serializeValue(DefaultSerializerProvider.java:319)","com.fasterxml.jackson.databind.ObjectMapper._writeValueAndClose(ObjectMapper.java:4568)","com.fasterxml.jackson.databind.ObjectMapper.writeValueAsString(ObjectMapper.java:3821)","org.knime.core.webui.node.dialog.defaultdialog.DefaultNodeSettingsSerializer.serialize(DefaultNodeSettingsSerializer.java:76)","org.knime.core.webui.data.InitialDataService.getInitialData(InitialDataService.java:115)","org.knime.core.webui.node.AbstractNodeUIManager.callInitialDataService(AbstractNodeUIManager.java:170)","org.knime.gateway.api.entity.NodeUIExtensionEnt.<init>(NodeUIExtensionEnt.java:118)","org.knime.gateway.api.entity.NodeUIExtensionEnt.<init>(NodeUIExtensionEnt.java:88)","org.knime.gateway.api.entity.PortViewEnt.<init>(PortViewEnt.java:67)","org.knime.gateway.impl.webui.service.DefaultPortService.getPortView(DefaultPortService.java:129)","org.knime.gateway.impl.webui.jsonrpc.service.JsonRpcPortServiceWrapper.getPortView(JsonRpcPortServiceWrapper.java:100)","java.base/jdk.internal.reflect.NativeMethodAccessorImpl.invoke0(Native Method)","java.base/jdk.internal.reflect.NativeMethodAccessorImpl.invoke(Unknown Source)","java.base/jdk.internal.reflect.DelegatingMethodAccessorImpl.invoke(Unknown Source)","java.base/java.lang.reflect.Method.invoke(Unknown Source)","com.googlecode.jsonrpc4j.JsonRpcBasicServer.invoke(JsonRpcBasicServer.java:478)","com.googlecode.jsonrpc4j.JsonRpcBasicServer.handleObject(JsonRpcBasicServer.java:349)","com.googlecode.jsonrpc4j.JsonRpcBasicServer.handleJsonNodeRequest(JsonRpcBasicServer.java:274)","com.googlecode.jsonrpc4j.JsonRpcBasicServer.handleRequest(JsonRpcBasicServer.java:242)","org.knime.gateway.impl.jsonrpc.JsonRpcRequestHandler.handle(JsonRpcRequestHandler.java:104)","org.knime.ui.java.browser.lifecycle.Init.lambda$5(Init.java:243)","com.equo.comm.common.MessageHandler.processReceivedEventMessage(MessageHandler.java:131)","com.equo.comm.ee.provider.service.ChromiumService.receiveMessage(ChromiumService.java:98)","com.equo.comm.ee.provider.CommunicationManagerChromiumImpl.receiveMessage(CommunicationManagerChromiumImpl.java:48)","com.equo.chromium.swt.internal.spi.CommRouterHandler.handleRequest(CommRouterHandler.java:35)","com.equo.chromium.swt.internal.spi.CommRouterHandler.lambda$1(CommRouterHandler.java:53)","java.base/java.util.concurrent.ThreadPoolExecutor.runWorker(Unknown Source)","java.base/java.util.concurrent.ThreadPoolExecutor$Worker.run(Unknown Source)","java.base/java.lang.Thread.run(Unknown Source)"]}}
2023-11-18 19:01:30,410 : WARN  : comm-pool-thread-4 :  : Node : Row Filter : 3:2 : No row filter specified
2023-11-18 19:04:00,554 : WARN  : KNIME-Worker-5-Row Filter 3:2 :  : Node : Row Filter : 3:2 : Node created an empty data table.
2023-11-18 19:07:57,860 : WARN  : comm-pool-thread-7 :  : Node : Color Manager : 3:3 : Selected column "Country" with default nominal color mapping.
2023-11-18 19:14:49,196 : WARN  : main :  : CEFNodeView :  :  : The specified value "NaN" cannot be parsed, or is out of range. (source: http://org.knime.js.pagebuilder/org/knime/core/ui/pagebuilder/app/assets/apWrapper-6b011fa9.js; line: 1)
2023-11-18 19:14:55,091 : WARN  : main :  : CEFNodeView :  :  : The specified value "NaN" cannot be parsed, or is out of range. (source: http://org.knime.js.pagebuilder/org/knime/core/ui/pagebuilder/app/assets/apWrapper-6b011fa9.js; line: 1)
2023-11-18 19:15:02,291 : WARN  : main :  : CEFNodeView :  :  : The specified value "NaN" cannot be parsed, or is out of range. (source: http://org.knime.js.pagebuilder/org/knime/core/ui/pagebuilder/app/assets/apWrapper-6b011fa9.js; line: 1)
2023-11-18 19:22:28,112 : WARN  : comm-pool-thread-16 :  : Node : Partitioning : 3:5 : No sampling method selected
2023-11-18 19:38:05,276 : WARN  : comm-pool-thread-19 :  : Node : Decision Tree Learner : 3:6 : Guessing target column: "Country".
2023-11-18 19:51:00,611 : WARN  : KNIME-Worker-13-Decision Tree Predictor 3:7 :  : Node : Decision Tree Predictor : 3:7 : Tree only stored first 10000 (of 95040) rows for HiLiting!
2023-11-18 22:23:53,818 : WARN  : comm-pool-thread-25 :  : Node : Scorer : 3:8 : No columns selected yet.
2023-11-18 22:32:19,427 : WARN  : comm-pool-thread-26 :  : Node : Partitioning : 3:9 : No sampling method selected
2023-11-18 22:32:38,642 : WARN  : comm-pool-thread-27 :  : Node : K Nearest Neighbor : 3:10 : Auto-selected column 'Country' as class column.
2023-11-18 22:36:33,612 : WARN  : comm-pool-thread-31 :  : Node : Partitioning : 3:12 : No sampling method selected
2023-11-18 22:38:03,016 : WARN  : comm-pool-thread-32 :  : Node : Naive Bayes Learner : 3:13 : Classification column preset to Country
2023-11-18 22:38:30,212 : WARN  : comm-pool-thread-32 :  : Node : Scorer : 3:11 : No columns selected yet.
2023-11-18 23:10:46,942 : WARN  : KNIME-Worker-16-K Nearest Neighbor 3:10 :  : Node : Scorer : 3:11 : No columns selected yet.
2023-11-18 23:17:47,253 : WARN  : comm-pool-thread-35 :  : Node : Scorer : 3:15 : No columns selected yet.
2023-11-18 23:32:22,771 : WARN  : comm-pool-thread-36 :  : Node : Color Manager : 3:3 : Column "Country" has no nominal values set: execute predecessor or add Binner.
2023-11-18 23:32:22,773 : WARN  : comm-pool-thread-36 :  : Node : Color Manager : 3:3 : Column "Country" has no nominal values set: execute predecessor or add Binner.
2023-11-18 23:32:22,773 : WARN  : comm-pool-thread-36 :  : Node : Color Manager : 3:3 : Column "Country" has no nominal values set: execute predecessor or add Binner.
2023-11-18 23:33:29,064 : WARN  : main :  : Node : Color Manager : 3:3 : Column "Country" has no nominal values set: execute predecessor or add Binner.
2023-11-18 23:33:29,614 : WARN  : main :  : Node : Color Manager : 3:3 : Column "Country" has no nominal values set: execute predecessor or add Binner.
2023-11-18 23:36:18,657 : WARN  : comm-pool-thread-37 :  : Node : Many to One : 3:16 : For selected include method 'Binary' only double compatible values are allowed. Column 'Country' is not.
2023-11-18 23:38:11,362 : WARN  : comm-pool-thread-37 :  : Node : Many to One : 3:17 : For selected include method 'Binary' only double compatible values are allowed. Column 'Country' is not.
2023-11-18 23:39:30,396 : WARN  : comm-pool-thread-37 :  : Node : Many to One : 3:18 : For selected include method 'Binary' only double compatible values are allowed. Column 'Country' is not.
2023-11-18 23:42:49,827 : WARN  : comm-pool-thread-39 :  : Node : Many to One : 3:19 : For selected include method 'Binary' only double compatible values are allowed. Column 'Country' is not.
2023-11-18 23:44:37,339 : WARN  : comm-pool-thread-40 :  : Node : K Nearest Neighbor : 3:10 : Input table contains more than one non-numeric column; they will be ignored.
2023-11-18 23:45:16,409 : WARN  : main :  : Node : Many to One : 3:17 : For selected include method 'Binary' only double compatible values are allowed. Column 'Condensed Severity' is not.
2023-11-18 23:45:17,256 : WARN  : main :  : Node : Many to One : 3:17 : For selected include method 'Binary' only double compatible values are allowed. Column 'Condensed Severity' is not.
2023-11-18 23:45:31,425 : WARN  : main :  : Node : Many to One : 3:18 : For selected include method 'Binary' only double compatible values are allowed. Column 'Condensed Severity' is not.
2023-11-18 23:45:31,970 : WARN  : main :  : Node : Many to One : 3:18 : For selected include method 'Binary' only double compatible values are allowed. Column 'Condensed Severity' is not.
2023-11-18 23:45:47,786 : WARN  : main :  : Node : Many to One : 3:19 : For selected include method 'Binary' only double compatible values are allowed. Column 'Condensed Severity' is not.
2023-11-18 23:45:48,275 : WARN  : main :  : Node : Many to One : 3:19 : For selected include method 'Binary' only double compatible values are allowed. Column 'Condensed Severity' is not.
2023-11-18 23:46:00,254 : WARN  : KNIME-Worker-30-Many to One 3:18 :  : Node : Many to One : 3:19 : For selected include method 'Binary' only double compatible values are allowed. Column 'Condensed Severity' is not.
2023-11-18 23:46:09,667 : WARN  : main :  : Node : K Nearest Neighbor : 3:10 : Input table contains more than one non-numeric column; they will be ignored.
2023-11-18 23:46:11,068 : WARN  : main :  : Node : K Nearest Neighbor : 3:10 : Input table contains more than one non-numeric column; they will be ignored.
2023-11-18 23:46:27,132 : WARN  : main :  : Node : K Nearest Neighbor : 3:10 : Input table contains more than one non-numeric column; they will be ignored.
2023-11-18 23:46:28,069 : WARN  : main :  : Node : K Nearest Neighbor : 3:10 : Input table contains more than one non-numeric column; they will be ignored.
2023-11-18 23:47:23,823 : WARN  : comm-pool-thread-41 :  : Node : K Nearest Neighbor : 3:10 : Input table contains more than one non-numeric column; they will be ignored.
2023-11-18 23:47:41,343 : WARN  : main :  : Node : K Nearest Neighbor : 3:10 : Input table contains more than one non-numeric column; they will be ignored.
2023-11-18 23:47:42,390 : WARN  : main :  : Node : K Nearest Neighbor : 3:10 : Input table contains more than one non-numeric column; they will be ignored.
2023-11-18 23:47:42,950 : WARN  : main :  : Node : K Nearest Neighbor : 3:10 : Input table contains more than one non-numeric column; they will be ignored.
2023-11-18 23:47:52,967 : WARN  : main :  : Node : K Nearest Neighbor : 3:10 : Input table contains more than one non-numeric column; they will be ignored.
2023-11-18 23:47:53,527 : WARN  : main :  : Node : K Nearest Neighbor : 3:10 : Input table contains more than one non-numeric column; they will be ignored.
2023-11-18 23:49:21,130 : WARN  : main :  : Node : Scorer : 3:8 : Column 'Prediction (Country)' not found.
2023-11-18 23:49:21,528 : WARN  : main :  : Node : Scorer : 3:8 : Column 'Prediction (Country)' not found.
2023-11-18 23:49:39,219 : WARN  : main :  : Node : Scorer : 3:8 : Column 'Prediction (Country)' not found.
2023-11-18 23:49:39,673 : WARN  : main :  : Node : Scorer : 3:8 : Column 'Prediction (Country)' not found.
2023-11-18 23:49:47,531 : WARN  : KNIME-Worker-37-Decision Tree Predictor 3:7 :  : Node : Decision Tree Predictor : 3:7 : Tree only stored first 10000 (of 95040) rows for HiLiting!
2023-11-18 23:49:47,533 : WARN  : KNIME-Worker-37-Decision Tree Predictor 3:7 :  : Node : Scorer : 3:8 : Column 'Prediction (Country)' not found.
2023-11-18 23:50:43,537 : WARN  : comm-pool-thread-43 :  : Node : Scorer : 3:8 : Column 'Prediction (Country)' not found.
2023-11-18 23:50:44,956 : WARN  : comm-pool-thread-43 :  : Node : Scorer : 3:8 : Column 'Prediction (Country)' not found.
2023-11-18 23:50:56,886 : WARN  : main :  : Node : Scorer : 3:8 : Column 'Prediction (Country)' not found.
2023-11-18 23:50:58,203 : WARN  : main :  : Node : Scorer : 3:8 : Column 'Prediction (Country)' not found.
2023-11-18 23:50:59,539 : WARN  : main :  : Node : Scorer : 3:8 : Column 'Prediction (Country)' not found.
2023-11-18 23:52:28,599 : WARN  : comm-pool-thread-43 :  : Node : Scorer : 3:8 : Column 'Prediction (Country)' not found.
2023-11-18 23:52:33,630 : WARN  : main :  : Node : Scorer : 3:8 : Column 'Prediction (Country)' not found.
2023-11-18 23:52:33,998 : WARN  : main :  : Node : Scorer : 3:8 : Column 'Prediction (Country)' not found.
2023-11-18 23:52:41,543 : WARN  : main :  : Node : Scorer : 3:8 : Column 'Prediction (Country)' not found.
2023-11-18 23:52:41,913 : WARN  : main :  : Node : Scorer : 3:8 : Column 'Prediction (Country)' not found.
2023-11-18 23:53:27,176 : WARN  : main :  : Node : Scorer : 3:8 : Column 'Prediction (Country)' not found.
2023-11-18 23:53:27,471 : WARN  : main :  : Node : Scorer : 3:8 : Column 'Prediction (Country)' not found.
2023-11-18 23:53:32,906 : WARN  : KNIME-Worker-41-Decision Tree Predictor 3:7 :  : Node : Decision Tree Predictor : 3:7 : Tree only stored first 10000 (of 63360) rows for HiLiting!
2023-11-18 23:53:32,908 : WARN  : KNIME-Worker-41-Decision Tree Predictor 3:7 :  : Node : Scorer : 3:8 : Column 'Prediction (Country)' not found.
2023-11-18 23:54:37,236 : WARN  : main :  : Node : K Nearest Neighbor : 3:10 : Input table contains more than one non-numeric column; they will be ignored.
2023-11-18 23:54:37,819 : WARN  : main :  : Node : K Nearest Neighbor : 3:10 : Input table contains more than one non-numeric column; they will be ignored.
2023-11-18 23:54:39,524 : WARN  : KNIME-Worker-43-Partitioning 3:9 :  : Node : K Nearest Neighbor : 3:10 : Input table contains more than one non-numeric column; they will be ignored.
2023-11-18 23:54:46,629 : WARN  : main :  : Node : K Nearest Neighbor : 3:10 : Input table contains more than one non-numeric column; they will be ignored.
2023-11-18 23:54:47,107 : WARN  : main :  : Node : K Nearest Neighbor : 3:10 : Input table contains more than one non-numeric column; they will be ignored.
2023-11-18 23:54:48,444 : WARN  : KNIME-Worker-44-K Nearest Neighbor 3:10 :  : Node : K Nearest Neighbor : 3:10 : Input table contains more than one non-numeric column; they will be ignored.
2023-11-18 23:58:33,713 : WARN  : main :  : Node : Scorer : 3:15 : Column 'Prediction (Country)' not found.
2023-11-18 23:58:34,187 : WARN  : main :  : Node : Scorer : 3:15 : Column 'Prediction (Country)' not found.
2023-11-18 23:58:42,576 : WARN  : main :  : Node : Scorer : 3:15 : Column 'Prediction (Country)' not found.
2023-11-18 23:58:42,937 : WARN  : main :  : Node : Scorer : 3:15 : Column 'Prediction (Country)' not found.
2023-11-18 23:58:44,460 : WARN  : KNIME-Worker-47-Naive Bayes Predictor 3:14 :  : Node : Scorer : 3:15 : Column 'Prediction (Country)' not found.
2023-11-19 00:26:51,318 : WARN  : comm-pool-thread-47 :  : Node : K Nearest Neighbor : 3:10 : Input table contains more than one non-numeric column; they will be ignored.
2023-11-19 00:26:55,752 : WARN  : comm-pool-thread-47 :  : Node : K Nearest Neighbor : 3:10 : Input table contains more than one non-numeric column; they will be ignored.
2023-11-19 00:27:13,056 : WARN  : comm-pool-thread-48 :  : Node : Row Filter : 3:20 : No row filter specified
2023-11-19 00:27:19,567 : WARN  : main :  : Node : Row Filter : 3:20 : No row filter specified
2023-11-19 00:27:20,092 : WARN  : main :  : Node : Row Filter : 3:20 : No row filter specified
2023-11-19 00:27:22,316 : WARN  : KNIME-Worker-49-CSV Reader 3:1 :  : Node : Row Filter : 3:20 : No row filter specified
2023-11-19 00:27:28,570 : WARN  : main :  : Node : Row Filter : 3:20 : No row filter specified
2023-11-19 00:27:32,007 : WARN  : main :  : Node : Row Filter : 3:20 : No row filter specified
2023-11-19 00:27:32,488 : WARN  : main :  : Node : Row Filter : 3:20 : No row filter specified
2023-11-19 00:27:42,827 : WARN  : main :  : Node : Row Filter : 3:20 : No row filter specified
2023-11-19 00:27:43,250 : WARN  : main :  : Node : Row Filter : 3:20 : No row filter specified
2023-11-19 00:27:49,163 : WARN  : main :  : Node : Row Filter : 3:20 : No row filter specified
2023-11-19 00:27:49,547 : WARN  : main :  : Node : Row Filter : 3:20 : No row filter specified
2023-11-19 00:27:53,771 : WARN  : main :  : Node : Row Filter : 3:20 : No row filter specified
2023-11-19 00:27:54,227 : WARN  : main :  : Node : Row Filter : 3:20 : No row filter specified
2023-11-19 00:27:55,459 : WARN  : KNIME-Worker-49-Many to One 3:19 :  : Node : Row Filter : 3:20 : No row filter specified
2023-11-19 00:28:02,570 : WARN  : main :  : WrappedNodeDialog : Row Filter : 3:20 : failed to apply settings: Enter a valid pattern to match
org.knime.core.node.InvalidSettingsException: Enter a valid pattern to match
	at org.knime.base.node.preproc.filter.row.ColumnRowFilterPanel.createFilter(ColumnRowFilterPanel.java:809)
	at org.knime.base.node.preproc.filter.row.RowFilterNodeDialogPane.saveSettingsTo(RowFilterNodeDialogPane.java:339)
	at org.knime.core.node.NodeDialogPane.internalSaveSettingsTo(NodeDialogPane.java:539)
	at org.knime.core.node.NodeDialogPane$4.run(NodeDialogPane.java:778)
	at org.knime.core.node.util.ViewUtils$3.run(ViewUtils.java:353)
	at org.knime.core.node.util.ViewUtils$2.run(ViewUtils.java:155)
	at java.desktop/java.awt.event.InvocationEvent.dispatch(Unknown Source)
	at java.desktop/java.awt.EventQueue.dispatchEventImpl(Unknown Source)
	at java.desktop/java.awt.EventQueue$4.run(Unknown Source)
	at java.desktop/java.awt.EventQueue$4.run(Unknown Source)
	at java.base/java.security.AccessController.doPrivileged(Unknown Source)
	at java.base/java.security.ProtectionDomain$JavaSecurityAccessImpl.doIntersectionPrivilege(Unknown Source)
	at java.desktop/java.awt.EventQueue.dispatchEvent(Unknown Source)
	at java.desktop/java.awt.EventDispatchThread.pumpOneEventForFilters(Unknown Source)
	at java.desktop/java.awt.EventDispatchThread.pumpEventsForFilter(Unknown Source)
	at java.desktop/java.awt.EventDispatchThread.pumpEventsForHierarchy(Unknown Source)
	at java.desktop/java.awt.EventDispatchThread.pumpEvents(Unknown Source)
	at java.desktop/java.awt.EventDispatchThread.pumpEvents(Unknown Source)
	at java.desktop/java.awt.EventDispatchThread.run(Unknown Source)
2023-11-19 00:28:06,259 : WARN  : main :  : WrappedNodeDialog : Row Filter : 3:20 : failed to apply settings: Enter a valid pattern to match
org.knime.core.node.InvalidSettingsException: Enter a valid pattern to match
	at org.knime.base.node.preproc.filter.row.ColumnRowFilterPanel.createFilter(ColumnRowFilterPanel.java:781)
	at org.knime.base.node.preproc.filter.row.RowFilterNodeDialogPane.saveSettingsTo(RowFilterNodeDialogPane.java:342)
	at org.knime.core.node.NodeDialogPane.internalSaveSettingsTo(NodeDialogPane.java:539)
	at org.knime.core.node.NodeDialogPane$4.run(NodeDialogPane.java:778)
	at org.knime.core.node.util.ViewUtils$3.run(ViewUtils.java:353)
	at org.knime.core.node.util.ViewUtils$2.run(ViewUtils.java:155)
	at java.desktop/java.awt.event.InvocationEvent.dispatch(Unknown Source)
	at java.desktop/java.awt.EventQueue.dispatchEventImpl(Unknown Source)
	at java.desktop/java.awt.EventQueue$4.run(Unknown Source)
	at java.desktop/java.awt.EventQueue$4.run(Unknown Source)
	at java.base/java.security.AccessController.doPrivileged(Unknown Source)
	at java.base/java.security.ProtectionDomain$JavaSecurityAccessImpl.doIntersectionPrivilege(Unknown Source)
	at java.desktop/java.awt.EventQueue.dispatchEvent(Unknown Source)
	at java.desktop/java.awt.EventDispatchThread.pumpOneEventForFilters(Unknown Source)
	at java.desktop/java.awt.EventDispatchThread.pumpEventsForFilter(Unknown Source)
	at java.desktop/java.awt.EventDispatchThread.pumpEventsForHierarchy(Unknown Source)
	at java.desktop/java.awt.EventDispatchThread.pumpEvents(Unknown Source)
	at java.desktop/java.awt.EventDispatchThread.pumpEvents(Unknown Source)
	at java.desktop/java.awt.EventDispatchThread.run(Unknown Source)
2023-11-19 00:28:42,556 : WARN  : main :  : WrappedNodeDialog : Row Filter : 3:20 : failed to apply settings: Enter a valid pattern to match
org.knime.core.node.InvalidSettingsException: Enter a valid pattern to match
	at org.knime.base.node.preproc.filter.row.ColumnRowFilterPanel.createFilter(ColumnRowFilterPanel.java:781)
	at org.knime.base.node.preproc.filter.row.RowFilterNodeDialogPane.saveSettingsTo(RowFilterNodeDialogPane.java:342)
	at org.knime.core.node.NodeDialogPane.internalSaveSettingsTo(NodeDialogPane.java:539)
	at org.knime.core.node.NodeDialogPane$4.run(NodeDialogPane.java:778)
	at org.knime.core.node.util.ViewUtils$3.run(ViewUtils.java:353)
	at org.knime.core.node.util.ViewUtils$2.run(ViewUtils.java:155)
	at java.desktop/java.awt.event.InvocationEvent.dispatch(Unknown Source)
	at java.desktop/java.awt.EventQueue.dispatchEventImpl(Unknown Source)
	at java.desktop/java.awt.EventQueue$4.run(Unknown Source)
	at java.desktop/java.awt.EventQueue$4.run(Unknown Source)
	at java.base/java.security.AccessController.doPrivileged(Unknown Source)
	at java.base/java.security.ProtectionDomain$JavaSecurityAccessImpl.doIntersectionPrivilege(Unknown Source)
	at java.desktop/java.awt.EventQueue.dispatchEvent(Unknown Source)
	at java.desktop/java.awt.EventDispatchThread.pumpOneEventForFilters(Unknown Source)
	at java.desktop/java.awt.EventDispatchThread.pumpEventsForFilter(Unknown Source)
	at java.desktop/java.awt.EventDispatchThread.pumpEventsForHierarchy(Unknown Source)
	at java.desktop/java.awt.EventDispatchThread.pumpEvents(Unknown Source)
	at java.desktop/java.awt.EventDispatchThread.pumpEvents(Unknown Source)
	at java.desktop/java.awt.EventDispatchThread.run(Unknown Source)
2023-11-19 00:28:54,212 : WARN  : main :  : Node : K Nearest Neighbor : 3:10 : Input table contains more than one non-numeric column; they will be ignored.
2023-11-19 00:28:55,981 : WARN  : main :  : Node : K Nearest Neighbor : 3:10 : Input table contains more than one non-numeric column; they will be ignored.
2023-11-19 00:29:05,198 : WARN  : main :  : Node : K Nearest Neighbor : 3:10 : Input table contains more than one non-numeric column; they will be ignored.
2023-11-19 00:29:05,758 : WARN  : main :  : Node : K Nearest Neighbor : 3:10 : Input table contains more than one non-numeric column; they will be ignored.
2023-11-19 00:29:16,944 : WARN  : KNIME-Worker-51-Partitioning 3:9 :  : Node : K Nearest Neighbor : 3:10 : Input table contains more than one non-numeric column; they will be ignored.
2023-11-19 00:29:16,946 : WARN  : KNIME-Worker-52-K Nearest Neighbor 3:10 :  : Node : K Nearest Neighbor : 3:10 : Input table contains more than one non-numeric column; they will be ignored.
2023-11-19 00:29:23,794 : WARN  : KNIME-Worker-49-Decision Tree Predictor 3:7 :  : Node : Decision Tree Predictor : 3:7 : Tree only stored first 10000 (of 63360) rows for HiLiting!
2023-11-19 10:52:27,407 : WARN  : comm-pool-thread-56 :  : Node : K Nearest Neighbor : 3:10 : Input table contains more than one non-numeric column; they will be ignored.
2023-11-19 10:52:31,092 : WARN  : comm-pool-thread-56 :  : Node : K Nearest Neighbor : 3:10 : Input table contains more than one non-numeric column; they will be ignored.
2023-11-19 10:52:56,940 : WARN  : main :  : Node : K Nearest Neighbor : 3:10 : Input table contains more than one non-numeric column; they will be ignored.
2023-11-19 10:52:58,322 : WARN  : KNIME-Worker-54-Partitioning 3:9 :  : Node : K Nearest Neighbor : 3:10 : Input table contains more than one non-numeric column; they will be ignored.
2023-11-19 10:58:56,112 : WARN  : main :  : Node : K Nearest Neighbor : 3:10 : Input table contains more than one non-numeric column; they will be ignored.
2023-11-19 10:58:56,520 : WARN  : main :  : Node : K Nearest Neighbor : 3:10 : Input table contains more than one non-numeric column; they will be ignored.
2023-11-19 10:58:57,700 : WARN  : KNIME-Worker-55-K Nearest Neighbor 3:10 :  : Node : K Nearest Neighbor : 3:10 : Input table contains more than one non-numeric column; they will be ignored.
2023-11-19 11:02:05,954 : WARN  : KNIME-Worker-58-Decision Tree Predictor 3:7 :  : Node : Decision Tree Predictor : 3:7 : Tree only stored first 10000 (of 95040) rows for HiLiting!
